<?xml version="1.0" encoding="UTF-8"?>
<!-- Generated by org.testng.reporters.JUnitReportReporter -->
<testsuite skipped="0" hostname="ED-MacBook-Pro.local" name="net.ed.YahooFinanceScraper_Test" tests="5" failures="0" timestamp="04 Mar 2018 02:12:48 GMT" time="82.254" errors="0">
  <testcase name="getURL_Test" time="3.523" classname="net.ed.YahooFinanceScraper_Test"/>
  <testcase name="getCookies_Test" time="72.251" classname="net.ed.YahooFinanceScraper_Test"/>
  <testcase name="getMyPortfolioPage_Test" time="1.494" classname="net.ed.YahooFinanceScraper_Test"/>
  <testcase name="scrapeMyTotals_Test" time="4.351" classname="net.ed.YahooFinanceScraper_Test"/>
  <testcase name="scrapeMyData_Test" time="0.635" classname="net.ed.YahooFinanceScraper_Test"/>
</testsuite> <!-- net.ed.YahooFinanceScraper_Test -->
