<?xml version="1.0" encoding="UTF-8"?>
<!-- Generated by org.testng.reporters.JUnitReportReporter -->
<testsuite skipped="0" hostname="ED-MacBook-Pro.local" name="net.ed.DataAccess_Test" tests="3" failures="0" timestamp="05 Mar 2018 13:39:42 GMT" time="0.034" errors="0">
  <testcase name="connectToDB_Test" time="0.007" classname="net.ed.DataAccess_Test"/>
  <testcase name="readData_Test" time="0.007" classname="net.ed.DataAccess_Test"/>
  <testcase name="addNewStock" time="0.020" classname="net.ed.DataAccess_Test"/>
</testsuite> <!-- net.ed.DataAccess_Test -->
