<?xml version="1.0" encoding="UTF-8"?>
<!-- Generated by org.testng.reporters.JUnitReportReporter -->
<testsuite skipped="0" hostname="ED-MacBook-Pro.local" name="net.ed.LoginServlet_Test" tests="4" failures="0" timestamp="04 Mar 2018 02:10:37 GMT" time="15.344" errors="0">
  <testcase name="getURL_Test" time="3.943" classname="net.ed.LoginServlet_Test"/>
  <testcase name="enterUserName_Test" time="1.308" classname="net.ed.LoginServlet_Test"/>
  <testcase name="enterPassword_Test" time="9.990" classname="net.ed.LoginServlet_Test"/>
  <testcase name="getCookies_Test" time="0.103" classname="net.ed.LoginServlet_Test"/>
</testsuite> <!-- net.ed.LoginServlet_Test -->
