<?xml version="1.0" encoding="UTF-8"?>
<!-- Generated by org.testng.reporters.JUnitReportReporter -->
<testsuite skipped="0" hostname="ED-MacBook-Pro.local" name="net.ed.DataAccess_Test" tests="2" failures="0" timestamp="05 Mar 2018 04:14:38 GMT" time="0.402" errors="0">
  <testcase name="connectToDB_Test" time="0.383" classname="net.ed.DataAccess_Test"/>
  <testcase name="readData_Test" time="0.019" classname="net.ed.DataAccess_Test"/>
</testsuite> <!-- net.ed.DataAccess_Test -->
