<?xml version="1.0" encoding="UTF-8"?>
<!-- Generated by org.testng.reporters.JUnitReportReporter -->
<testsuite skipped="0" hostname="ED-MacBook-Pro.local" name="net.ed.YahooFinanceScraper_Test" tests="3" failures="0" timestamp="01 Mar 2018 21:00:15 GMT" time="70.909" errors="0">
  <testcase name="getURL_Test" time="2.523" classname="net.ed.YahooFinanceScraper_Test"/>
  <testcase name="getCookies_Test" time="65.452" classname="net.ed.YahooFinanceScraper_Test"/>
  <testcase name="scrapeMyTotals_Test" time="2.934" classname="net.ed.YahooFinanceScraper_Test"/>
</testsuite> <!-- net.ed.YahooFinanceScraper_Test -->
