<?xml version="1.0" encoding="UTF-8"?>
<!-- Generated by org.testng.reporters.JUnitReportReporter -->
<testsuite skipped="0" hostname="ED-MacBook-Pro.local" name="net.ed.LoginServletTest" tests="1" failures="0" timestamp="01 Mar 2018 17:00:50 GMT" time="0.037" errors="0">
  <testcase name="doGetTest" time="0.037" classname="net.ed.LoginServletTest"/>
</testsuite> <!-- net.ed.LoginServletTest -->
