<?xml version="1.0" encoding="UTF-8"?>
<!-- Generated by org.testng.reporters.JUnitReportReporter -->
<testsuite skipped="0" hostname="ED-MacBook-Pro.local" name="net.ed.YahooFinanceScraper_Test" tests="5" failures="0" timestamp="03 Mar 2018 03:15:30 GMT" time="75.919" errors="0">
  <testcase name="getURL_Test" time="2.774" classname="net.ed.YahooFinanceScraper_Test"/>
  <testcase name="getCookies_Test" time="65.278" classname="net.ed.YahooFinanceScraper_Test"/>
  <testcase name="getPortfolioURL_Test" time="1.469" classname="net.ed.YahooFinanceScraper_Test"/>
  <testcase name="scrapeMyTotals_Test" time="5.758" classname="net.ed.YahooFinanceScraper_Test"/>
  <testcase name="scrapeMyData_Test" time="0.640" classname="net.ed.YahooFinanceScraper_Test"/>
</testsuite> <!-- net.ed.YahooFinanceScraper_Test -->
