<?xml version="1.0" encoding="UTF-8"?>
<!-- Generated by org.testng.reporters.JUnitReportReporter -->
<testsuite skipped="0" hostname="ED-MacBook-Pro.local" name="net.ed.YahooFinanceScraper_Test" tests="5" failures="0" timestamp="05 Mar 2018 03:49:33 GMT" time="75.028" errors="0">
  <testcase name="getURL_Test" time="2.914" classname="net.ed.YahooFinanceScraper_Test"/>
  <testcase name="getCookies_Test" time="65.773" classname="net.ed.YahooFinanceScraper_Test"/>
  <testcase name="getPortfolioURL_Test" time="3.510" classname="net.ed.YahooFinanceScraper_Test"/>
  <testcase name="scrapeMyTotals_Test" time="2.182" classname="net.ed.YahooFinanceScraper_Test"/>
  <testcase name="scrapeMyData_Test" time="0.649" classname="net.ed.YahooFinanceScraper_Test"/>
</testsuite> <!-- net.ed.YahooFinanceScraper_Test -->
