<?xml version="1.0" encoding="UTF-8"?>
<!-- Generated by org.testng.reporters.JUnitReportReporter -->
<testsuite skipped="0" hostname="ED-MacBook-Pro.local" name="net.ed.LoginServletTest" tests="1" failures="0" timestamp="01 Mar 2018 16:38:26 GMT" time="4.488" errors="0">
  <testcase name="doGetTest" time="4.488" classname="net.ed.LoginServletTest"/>
</testsuite> <!-- net.ed.LoginServletTest -->
