<?xml version="1.0" encoding="UTF-8"?>
<!-- Generated by org.testng.reporters.JUnitReportReporter -->
<testsuite skipped="0" hostname="ED-MacBook-Pro.local" name="net.ed.LoginServletTest" tests="4" failures="0" timestamp="01 Mar 2018 18:26:37 GMT" time="11.338" errors="0">
  <testcase name="getURL_Test" time="2.633" classname="net.ed.LoginServletTest"/>
  <testcase name="enterUserName_Test" time="1.317" classname="net.ed.LoginServletTest"/>
  <testcase name="enterPassword_Test" time="7.333" classname="net.ed.LoginServletTest"/>
  <testcase name="getCookies_Test" time="0.055" classname="net.ed.LoginServletTest"/>
</testsuite> <!-- net.ed.LoginServletTest -->
