<?xml version="1.0" encoding="UTF-8"?>
<!-- Generated by org.testng.reporters.JUnitReportReporter -->
<testsuite skipped="0" hostname="ED-MacBook-Pro.local" name="net.ed.YahooFinanceScraper_Test" tests="2" failures="0" timestamp="01 Mar 2018 19:10:13 GMT" time="14.447" errors="0">
  <testcase name="getURL_Test" time="2.685" classname="net.ed.YahooFinanceScraper_Test"/>
  <testcase name="getCookies_Test" time="11.762" classname="net.ed.YahooFinanceScraper_Test"/>
</testsuite> <!-- net.ed.YahooFinanceScraper_Test -->
